<?xml version="1.0" encoding="UTF-8"?>
<testsuite name="org.launchcode.hello_spring.HelloSpringApplicationTests" tests="1" skipped="0" failures="0" errors="0" timestamp="2024-09-27T15:23:19" hostname="LAPTOP-3635O0NM" time="0.625">
  <properties/>
  <testcase name="contextLoads()" classname="org.launchcode.hello_spring.HelloSpringApplicationTests" time="0.625"/>
  <system-out><![CDATA[10:23:17.718 [Test worker] INFO org.springframework.test.context.support.AnnotationConfigContextLoaderUtils -- Could not detect default configuration classes for test class [org.launchcode.hello_spring.HelloSpringApplicationTests]: HelloSpringApplicationTests does not declare any static, non-private, non-final, nested classes annotated with @Configuration.
10:23:17.877 [Test worker] INFO org.springframework.boot.test.context.SpringBootTestContextBootstrapper -- Found @SpringBootConfiguration org.launchcode.hello_spring.HelloSpringApplication for test class org.launchcode.hello_spring.HelloSpringApplicationTests

  .   ____          _            __ _ _
 /\\ / ___'_ __ _ _(_)_ __  __ _ \ \ \ \
( ( )\___ | '_ | '_| | '_ \/ _` | \ \ \ \
 \\/  ___)| |_)| | | | | || (_| |  ) ) ) )
  '  |____| .__|_| |_|_| |_\__, | / / / /
 =========|_|==============|___/=/_/_/_/

 :: Spring Boot ::             (v3.4.0-M3)

2024-09-27T10:23:18.287-05:00  INFO 6072 --- [hello-spring] [    Test worker] o.l.h.HelloSpringApplicationTests        : Starting HelloSpringApplicationTests using Java 17.0.12 with PID 6072 (started by markl in C:\Users\markl\Desktop\LaunchCode\Unit2\hello-spring\hello-spring)
2024-09-27T10:23:18.288-05:00  INFO 6072 --- [hello-spring] [    Test worker] o.l.h.HelloSpringApplicationTests        : No active profile set, falling back to 1 default profile: "default"
2024-09-27T10:23:19.317-05:00  INFO 6072 --- [hello-spring] [    Test worker] o.l.h.HelloSpringApplicationTests        : Started HelloSpringApplicationTests in 1.254 seconds (process running for 2.546)
]]></system-out>
  <system-err><![CDATA[]]></system-err>
</testsuite>
