<?xml version="1.0" encoding="UTF-8"?>
<testsuite name="org.launchcode.skills.tracker.SkillsTrackerApplicationTests" tests="1" skipped="0" failures="0" errors="0" timestamp="2024-09-30T16:33:37" hostname="LAPTOP-3635O0NM" time="0.632">
  <properties/>
  <testcase name="contextLoads()" classname="org.launchcode.skills.tracker.SkillsTrackerApplicationTests" time="0.632"/>
  <system-out><![CDATA[11:33:36.548 [Test worker] INFO org.springframework.test.context.support.AnnotationConfigContextLoaderUtils -- Could not detect default configuration classes for test class [org.launchcode.skills.tracker.SkillsTrackerApplicationTests]: SkillsTrackerApplicationTests does not declare any static, non-private, non-final, nested classes annotated with @Configuration.
11:33:36.641 [Test worker] INFO org.springframework.boot.test.context.SpringBootTestContextBootstrapper -- Found @SpringBootConfiguration org.launchcode.skills.tracker.SkillsTrackerApplication for test class org.launchcode.skills.tracker.SkillsTrackerApplicationTests

  .   ____          _            __ _ _
 /\\ / ___'_ __ _ _(_)_ __  __ _ \ \ \ \
( ( )\___ | '_ | '_| | '_ \/ _` | \ \ \ \
 \\/  ___)| |_)| | | | | || (_| |  ) ) ) )
  '  |____| .__|_| |_|_| |_\__, | / / / /
 =========|_|==============|___/=/_/_/_/

 :: Spring Boot ::                (v3.3.4)

2024-09-30T11:33:36.975-05:00  INFO 2428 --- [skills-tracker] [    Test worker] o.l.s.t.SkillsTrackerApplicationTests    : Starting SkillsTrackerApplicationTests using Java 17.0.12 with PID 2428 (started by markl in C:\Users\markl\Desktop\LaunchCode\Unit2\hello-spring\skills-tracker)
2024-09-30T11:33:36.977-05:00  INFO 2428 --- [skills-tracker] [    Test worker] o.l.s.t.SkillsTrackerApplicationTests    : No active profile set, falling back to 1 default profile: "default"
2024-09-30T11:33:37.963-05:00  INFO 2428 --- [skills-tracker] [    Test worker] o.l.s.t.SkillsTrackerApplicationTests    : Started SkillsTrackerApplicationTests in 1.171 seconds (process running for 2.185)
]]></system-out>
  <system-err><![CDATA[]]></system-err>
</testsuite>
